2014-01-22 11:55:49,072 [ModalContext] WARN  o.e.m.i.discovery.MavenDiscovery - CatalogItem org.eclipse.m2e.discovery.lifecyclemapping.m2e-egit does not contain lifecycle mapping metadata
2014-01-22 11:55:49,077 [ModalContext] WARN  o.e.m.i.discovery.MavenDiscovery - CatalogItem org.eclipse.m2e.discovery.lifecyclemapping.m2e-subversive does not contain lifecycle mapping metadata
2014-01-22 11:55:49,078 [ModalContext] WARN  o.e.m.i.discovery.MavenDiscovery - CatalogItem org.eclipse.m2e.discovery.lifecyclemapping.m2e-subclipse does not contain lifecycle mapping metadata
2014-01-22 11:55:52,246 [Worker-20] INFO  o.e.m.c.i.l.LifecycleMappingFactory - Using org.eclipse.m2e.jdt.JarLifecycleMapping lifecycle mapping for MavenProject: de.arconsis.sample:akka.sample:1.0-SNAPSHOT @ /Users/alexfrank/workspace/Playground/akka.sample/akka.sample/pom.xml.
2014-01-22 11:55:52,720 [Worker-20] INFO  o.e.m.j.i.AbstractJavaProjectConfigurator - Adding source folder /akka.sample/src/main/java
2014-01-22 11:55:52,721 [Worker-20] INFO  o.e.m.j.i.AbstractJavaProjectConfigurator - Adding source folder /akka.sample/src/test/java
2014-01-22 11:55:52,806 [Worker-20] INFO  o.e.m.c.i.p.ProjectConfigurationManager - Project import completed 1 sec
2014-01-22 11:55:52,878 [Worker-19] INFO  o.e.m.c.i.p.ProjectConfigurationManager - Update started
2014-01-22 11:55:52,879 [Worker-19] INFO  o.e.m.c.i.p.ProjectConfigurationManager - Update completed: 0 sec
2014-01-22 11:55:53,069 [Worker-13] INFO  o.e.m.c.i.l.LifecycleMappingFactory - Using org.eclipse.m2e.jdt.JarLifecycleMapping lifecycle mapping for MavenProject: de.arconsis.sample:akka.sample:1.0-SNAPSHOT @ /Users/alexfrank/workspace/Playground/akka.sample/akka.sample/pom.xml.
2014-01-22 11:55:53,182 [Worker-13] WARN  o.e.m.c.i.embedder.EclipseLogger - Using platform encoding (US-ASCII actually) to copy filtered resources, i.e. build is platform dependent!
2014-01-22 11:55:53,183 [Worker-13] INFO  o.e.m.c.i.embedder.EclipseLogger - skip non existing resourceDirectory /Users/alexfrank/workspace/Playground/akka.sample/akka.sample/src/main/resources
2014-01-22 11:55:53,186 [Worker-13] WARN  o.e.m.c.i.embedder.EclipseLogger - Using platform encoding (US-ASCII actually) to copy filtered resources, i.e. build is platform dependent!
2014-01-22 11:55:53,195 [Worker-13] INFO  o.e.m.c.i.embedder.EclipseLogger - skip non existing resourceDirectory /Users/alexfrank/workspace/Playground/akka.sample/akka.sample/src/test/resources
2014-01-22 11:55:53,725 [Worker-21] INFO  o.e.m.c.i.l.LifecycleMappingFactory - Using org.eclipse.m2e.jdt.JarLifecycleMapping lifecycle mapping for MavenProject: de.arconsis.sample:akka.sample:1.0-SNAPSHOT @ /Users/alexfrank/workspace/Playground/akka.sample/akka.sample/pom.xml.
2014-01-22 11:55:54,227 [Worker-13] WARN  o.e.m.c.i.embedder.EclipseLogger - Using platform encoding (US-ASCII actually) to copy filtered resources, i.e. build is platform dependent!
2014-01-22 11:55:54,228 [Worker-13] INFO  o.e.m.c.i.embedder.EclipseLogger - skip non existing resourceDirectory /Users/alexfrank/workspace/Playground/akka.sample/akka.sample/src/main/resources
2014-01-22 11:55:54,229 [Worker-13] WARN  o.e.m.c.i.embedder.EclipseLogger - Using platform encoding (US-ASCII actually) to copy filtered resources, i.e. build is platform dependent!
2014-01-22 11:55:54,230 [Worker-13] INFO  o.e.m.c.i.embedder.EclipseLogger - skip non existing resourceDirectory /Users/alexfrank/workspace/Playground/akka.sample/akka.sample/src/test/resources
2014-01-22 11:55:59,788 [Worker-20] WARN  o.e.m.c.i.embedder.EclipseLogger - Using platform encoding (US-ASCII actually) to copy filtered resources, i.e. build is platform dependent!
2014-01-22 11:55:59,788 [Worker-20] INFO  o.e.m.c.i.embedder.EclipseLogger - skip non existing resourceDirectory /Users/alexfrank/workspace/Playground/akka.sample/akka.sample/src/main/resources
2014-01-22 11:55:59,790 [Worker-20] WARN  o.e.m.c.i.embedder.EclipseLogger - Using platform encoding (US-ASCII actually) to copy filtered resources, i.e. build is platform dependent!
2014-01-22 11:55:59,790 [Worker-20] INFO  o.e.m.c.i.embedder.EclipseLogger - skip non existing resourceDirectory /Users/alexfrank/workspace/Playground/akka.sample/akka.sample/src/test/resources
2014-01-22 11:56:04,128 [Worker-13] WARN  o.e.m.c.i.embedder.EclipseLogger - Using platform encoding (US-ASCII actually) to copy filtered resources, i.e. build is platform dependent!
2014-01-22 11:56:04,129 [Worker-13] INFO  o.e.m.c.i.embedder.EclipseLogger - skip non existing resourceDirectory /Users/alexfrank/workspace/Playground/akka.sample/akka.sample/src/main/resources
2014-01-22 11:56:04,130 [Worker-13] WARN  o.e.m.c.i.embedder.EclipseLogger - Using platform encoding (US-ASCII actually) to copy filtered resources, i.e. build is platform dependent!
2014-01-22 11:56:04,130 [Worker-13] INFO  o.e.m.c.i.embedder.EclipseLogger - skip non existing resourceDirectory /Users/alexfrank/workspace/Playground/akka.sample/akka.sample/src/test/resources
2014-01-22 11:56:33,047 [Worker-22] WARN  o.e.m.c.i.embedder.EclipseLogger - Using platform encoding (US-ASCII actually) to copy filtered resources, i.e. build is platform dependent!
2014-01-22 11:56:33,048 [Worker-22] INFO  o.e.m.c.i.embedder.EclipseLogger - skip non existing resourceDirectory /Users/alexfrank/workspace/Playground/akka.sample/akka.sample/src/main/resources
2014-01-22 11:56:33,049 [Worker-22] WARN  o.e.m.c.i.embedder.EclipseLogger - Using platform encoding (US-ASCII actually) to copy filtered resources, i.e. build is platform dependent!
2014-01-22 11:56:33,049 [Worker-22] INFO  o.e.m.c.i.embedder.EclipseLogger - skip non existing resourceDirectory /Users/alexfrank/workspace/Playground/akka.sample/akka.sample/src/test/resources
2014-01-22 11:56:50,746 [Worker-20] INFO  o.e.m.c.i.l.LifecycleMappingFactory - Using org.eclipse.m2e.jdt.JarLifecycleMapping lifecycle mapping for MavenProject: de.arconsis.sample:akka.sample:1.0-SNAPSHOT @ /Users/alexfrank/workspace/Playground/akka.sample/akka.sample/pom.xml.
2014-01-22 11:56:50,784 [Worker-20] WARN  o.e.m.c.i.embedder.EclipseLogger - Using platform encoding (US-ASCII actually) to copy filtered resources, i.e. build is platform dependent!
2014-01-22 11:56:50,790 [Worker-20] INFO  o.e.m.c.i.embedder.EclipseLogger - Copying 0 resource
2014-01-22 11:56:50,792 [Worker-20] WARN  o.e.m.c.i.embedder.EclipseLogger - Using platform encoding (US-ASCII actually) to copy filtered resources, i.e. build is platform dependent!
2014-01-22 11:56:50,792 [Worker-20] INFO  o.e.m.c.i.embedder.EclipseLogger - skip non existing resourceDirectory /Users/alexfrank/workspace/Playground/akka.sample/akka.sample/src/test/resources
2014-01-22 11:56:58,718 [Worker-27] WARN  o.e.m.c.i.embedder.EclipseLogger - Using platform encoding (US-ASCII actually) to copy filtered resources, i.e. build is platform dependent!
2014-01-22 11:56:58,722 [Worker-27] INFO  o.e.m.c.i.embedder.EclipseLogger - Copying 1 resource
2014-01-22 11:56:58,728 [Worker-27] WARN  o.e.m.c.i.embedder.EclipseLogger - Using platform encoding (US-ASCII actually) to copy filtered resources, i.e. build is platform dependent!
2014-01-22 11:56:58,728 [Worker-27] INFO  o.e.m.c.i.embedder.EclipseLogger - skip non existing resourceDirectory /Users/alexfrank/workspace/Playground/akka.sample/akka.sample/src/test/resources
2014-01-22 11:57:48,009 [Worker-22] INFO  o.e.m.c.i.l.LifecycleMappingFactory - Using org.eclipse.m2e.jdt.JarLifecycleMapping lifecycle mapping for MavenProject: de.arconsis.sample:akka.sample:1.0-SNAPSHOT @ /Users/alexfrank/workspace/Playground/akka.sample/akka.sample/pom.xml.
2014-01-22 11:57:48,062 [Worker-22] WARN  o.e.m.c.i.embedder.EclipseLogger - Using platform encoding (US-ASCII actually) to copy filtered resources, i.e. build is platform dependent!
2014-01-22 11:57:48,062 [Worker-22] INFO  o.e.m.c.i.embedder.EclipseLogger - Copying 0 resource
2014-01-22 11:57:48,065 [Worker-22] WARN  o.e.m.c.i.embedder.EclipseLogger - Using platform encoding (US-ASCII actually) to copy filtered resources, i.e. build is platform dependent!
2014-01-22 11:57:48,065 [Worker-22] INFO  o.e.m.c.i.embedder.EclipseLogger - skip non existing resourceDirectory /Users/alexfrank/workspace/Playground/akka.sample/akka.sample/src/test/resources
2014-01-22 11:57:49,297 [Worker-22] WARN  o.e.m.c.i.embedder.EclipseLogger - Using platform encoding (US-ASCII actually) to copy filtered resources, i.e. build is platform dependent!
2014-01-22 11:57:49,298 [Worker-22] INFO  o.e.m.c.i.embedder.EclipseLogger - Copying 1 resource
2014-01-22 11:57:49,299 [Worker-22] WARN  o.e.m.c.i.embedder.EclipseLogger - Using platform encoding (US-ASCII actually) to copy filtered resources, i.e. build is platform dependent!
2014-01-22 11:57:49,299 [Worker-22] INFO  o.e.m.c.i.embedder.EclipseLogger - skip non existing resourceDirectory /Users/alexfrank/workspace/Playground/akka.sample/akka.sample/src/test/resources
2014-01-22 11:58:59,094 [Worker-13] WARN  o.e.m.c.i.embedder.EclipseLogger - Using platform encoding (US-ASCII actually) to copy filtered resources, i.e. build is platform dependent!
2014-01-22 11:58:59,095 [Worker-13] INFO  o.e.m.c.i.embedder.EclipseLogger - Copying 1 resource
2014-01-22 11:58:59,096 [Worker-13] WARN  o.e.m.c.i.embedder.EclipseLogger - Using platform encoding (US-ASCII actually) to copy filtered resources, i.e. build is platform dependent!
2014-01-22 11:58:59,097 [Worker-13] INFO  o.e.m.c.i.embedder.EclipseLogger - skip non existing resourceDirectory /Users/alexfrank/workspace/Playground/akka.sample/akka.sample/src/test/resources
2014-01-22 12:02:43,667 [Worker-21] WARN  o.e.m.c.i.embedder.EclipseLogger - Using platform encoding (US-ASCII actually) to copy filtered resources, i.e. build is platform dependent!
2014-01-22 12:02:43,668 [Worker-21] INFO  o.e.m.c.i.embedder.EclipseLogger - Copying 1 resource
2014-01-22 12:02:43,669 [Worker-21] WARN  o.e.m.c.i.embedder.EclipseLogger - Using platform encoding (US-ASCII actually) to copy filtered resources, i.e. build is platform dependent!
2014-01-22 12:02:43,669 [Worker-21] INFO  o.e.m.c.i.embedder.EclipseLogger - skip non existing resourceDirectory /Users/alexfrank/workspace/Playground/akka.sample/akka.sample/src/test/resources
2014-01-22 12:02:52,423 [Worker-31] WARN  o.e.m.c.i.embedder.EclipseLogger - Using platform encoding (US-ASCII actually) to copy filtered resources, i.e. build is platform dependent!
2014-01-22 12:02:52,424 [Worker-31] INFO  o.e.m.c.i.embedder.EclipseLogger - Copying 1 resource
2014-01-22 12:02:52,425 [Worker-31] WARN  o.e.m.c.i.embedder.EclipseLogger - Using platform encoding (US-ASCII actually) to copy filtered resources, i.e. build is platform dependent!
2014-01-22 12:02:52,425 [Worker-31] INFO  o.e.m.c.i.embedder.EclipseLogger - skip non existing resourceDirectory /Users/alexfrank/workspace/Playground/akka.sample/akka.sample/src/test/resources
2014-01-22 12:05:42,718 [Worker-33] WARN  o.e.m.c.i.embedder.EclipseLogger - Using platform encoding (US-ASCII actually) to copy filtered resources, i.e. build is platform dependent!
2014-01-22 12:05:42,719 [Worker-33] INFO  o.e.m.c.i.embedder.EclipseLogger - Copying 1 resource
2014-01-22 12:05:42,721 [Worker-33] WARN  o.e.m.c.i.embedder.EclipseLogger - Using platform encoding (US-ASCII actually) to copy filtered resources, i.e. build is platform dependent!
2014-01-22 12:05:42,722 [Worker-33] INFO  o.e.m.c.i.embedder.EclipseLogger - skip non existing resourceDirectory /Users/alexfrank/workspace/Playground/akka.sample/akka.sample/src/test/resources
2014-01-22 12:06:04,618 [Worker-32] WARN  o.e.m.c.i.embedder.EclipseLogger - Using platform encoding (US-ASCII actually) to copy filtered resources, i.e. build is platform dependent!
2014-01-22 12:06:04,619 [Worker-32] INFO  o.e.m.c.i.embedder.EclipseLogger - Copying 1 resource
2014-01-22 12:06:04,620 [Worker-32] WARN  o.e.m.c.i.embedder.EclipseLogger - Using platform encoding (US-ASCII actually) to copy filtered resources, i.e. build is platform dependent!
2014-01-22 12:06:04,621 [Worker-32] INFO  o.e.m.c.i.embedder.EclipseLogger - skip non existing resourceDirectory /Users/alexfrank/workspace/Playground/akka.sample/akka.sample/src/test/resources
2014-01-22 12:09:29,538 [Worker-35] WARN  o.e.m.c.i.embedder.EclipseLogger - Using platform encoding (US-ASCII actually) to copy filtered resources, i.e. build is platform dependent!
2014-01-22 12:09:29,539 [Worker-35] INFO  o.e.m.c.i.embedder.EclipseLogger - Copying 1 resource
2014-01-22 12:09:29,540 [Worker-35] WARN  o.e.m.c.i.embedder.EclipseLogger - Using platform encoding (US-ASCII actually) to copy filtered resources, i.e. build is platform dependent!
2014-01-22 12:09:29,540 [Worker-35] INFO  o.e.m.c.i.embedder.EclipseLogger - skip non existing resourceDirectory /Users/alexfrank/workspace/Playground/akka.sample/akka.sample/src/test/resources
2014-01-22 12:09:33,730 [Worker-40] WARN  o.e.m.c.i.embedder.EclipseLogger - Using platform encoding (US-ASCII actually) to copy filtered resources, i.e. build is platform dependent!
2014-01-22 12:09:33,731 [Worker-40] INFO  o.e.m.c.i.embedder.EclipseLogger - Copying 0 resource
2014-01-22 12:09:33,733 [Worker-40] WARN  o.e.m.c.i.embedder.EclipseLogger - Using platform encoding (US-ASCII actually) to copy filtered resources, i.e. build is platform dependent!
2014-01-22 12:09:33,734 [Worker-40] INFO  o.e.m.c.i.embedder.EclipseLogger - skip non existing resourceDirectory /Users/alexfrank/workspace/Playground/akka.sample/akka.sample/src/test/resources
2014-01-22 12:09:41,482 [Worker-42] WARN  o.e.m.c.i.embedder.EclipseLogger - Using platform encoding (US-ASCII actually) to copy filtered resources, i.e. build is platform dependent!
2014-01-22 12:09:41,483 [Worker-42] INFO  o.e.m.c.i.embedder.EclipseLogger - Copying 0 resource
2014-01-22 12:09:41,484 [Worker-42] WARN  o.e.m.c.i.embedder.EclipseLogger - Using platform encoding (US-ASCII actually) to copy filtered resources, i.e. build is platform dependent!
2014-01-22 12:09:41,484 [Worker-42] INFO  o.e.m.c.i.embedder.EclipseLogger - skip non existing resourceDirectory /Users/alexfrank/workspace/Playground/akka.sample/akka.sample/src/test/resources
2014-01-22 12:09:51,150 [Worker-33] WARN  o.e.m.c.i.embedder.EclipseLogger - Using platform encoding (US-ASCII actually) to copy filtered resources, i.e. build is platform dependent!
2014-01-22 12:09:51,151 [Worker-33] INFO  o.e.m.c.i.embedder.EclipseLogger - Copying 4 resources
2014-01-22 12:09:51,152 [Worker-33] WARN  o.e.m.c.i.embedder.EclipseLogger - Using platform encoding (US-ASCII actually) to copy filtered resources, i.e. build is platform dependent!
2014-01-22 12:09:51,153 [Worker-33] INFO  o.e.m.c.i.embedder.EclipseLogger - skip non existing resourceDirectory /Users/alexfrank/workspace/Playground/akka.sample/akka.sample/src/test/resources
2014-01-22 12:10:16,569 [Worker-38] INFO  c.n.h.c.p.n.NettyAsyncHttpProvider - Number of application's worked threads is 16
2014-01-22 12:10:18,202 [New I/O client worker #1-2] INFO  o.e.m.c.i.e.AbstractTransferListenerAdapter - Downloading https://nexus.adorsys.de/nexus/content/groups/public/com/typesafe/akka/akka-actor_2.10/2.2.3/akka-actor_2.10-2.2.3-sources.jar
2014-01-22 12:10:18,511 [New I/O client worker #1-2] INFO  o.e.m.c.i.e.AbstractTransferListenerAdapter - Downloaded https://nexus.adorsys.de/nexus/content/groups/public/com/typesafe/akka/akka-actor_2.10/2.2.3/akka-actor_2.10-2.2.3-sources.jar
2014-01-22 12:10:19,071 [Worker-38] INFO  o.e.m.j.internal.DownloadSourcesJob - Downloaded sources for com.typesafe.akka:akka-actor_2.10:2.2.3
2014-01-22 12:10:19,207 [Worker-38] WARN  o.e.m.c.i.embedder.EclipseLogger - Using platform encoding (US-ASCII actually) to copy filtered resources, i.e. build is platform dependent!
2014-01-22 12:10:19,207 [Worker-38] INFO  o.e.m.c.i.embedder.EclipseLogger - Copying 0 resource
2014-01-22 12:10:19,208 [Worker-38] WARN  o.e.m.c.i.embedder.EclipseLogger - Using platform encoding (US-ASCII actually) to copy filtered resources, i.e. build is platform dependent!
2014-01-22 12:10:19,209 [Worker-38] INFO  o.e.m.c.i.embedder.EclipseLogger - skip non existing resourceDirectory /Users/alexfrank/workspace/Playground/akka.sample/akka.sample/src/test/resources
2014-01-22 12:10:39,154 [Worker-40] WARN  o.e.m.c.i.embedder.EclipseLogger - Using platform encoding (US-ASCII actually) to copy filtered resources, i.e. build is platform dependent!
2014-01-22 12:10:39,155 [Worker-40] INFO  o.e.m.c.i.embedder.EclipseLogger - Copying 4 resources
2014-01-22 12:10:39,156 [Worker-40] WARN  o.e.m.c.i.embedder.EclipseLogger - Using platform encoding (US-ASCII actually) to copy filtered resources, i.e. build is platform dependent!
2014-01-22 12:10:39,156 [Worker-40] INFO  o.e.m.c.i.embedder.EclipseLogger - skip non existing resourceDirectory /Users/alexfrank/workspace/Playground/akka.sample/akka.sample/src/test/resources
2014-01-22 12:10:42,033 [Worker-38] WARN  o.e.m.c.i.embedder.EclipseLogger - Using platform encoding (US-ASCII actually) to copy filtered resources, i.e. build is platform dependent!
2014-01-22 12:10:42,034 [Worker-38] INFO  o.e.m.c.i.embedder.EclipseLogger - Copying 4 resources
2014-01-22 12:10:42,035 [Worker-38] WARN  o.e.m.c.i.embedder.EclipseLogger - Using platform encoding (US-ASCII actually) to copy filtered resources, i.e. build is platform dependent!
2014-01-22 12:10:42,036 [Worker-38] INFO  o.e.m.c.i.embedder.EclipseLogger - skip non existing resourceDirectory /Users/alexfrank/workspace/Playground/akka.sample/akka.sample/src/test/resources
2014-01-22 12:10:44,208 [Worker-33] WARN  o.e.m.c.i.embedder.EclipseLogger - Using platform encoding (US-ASCII actually) to copy filtered resources, i.e. build is platform dependent!
2014-01-22 12:10:44,209 [Worker-33] INFO  o.e.m.c.i.embedder.EclipseLogger - Copying 4 resources
2014-01-22 12:10:44,210 [Worker-33] WARN  o.e.m.c.i.embedder.EclipseLogger - Using platform encoding (US-ASCII actually) to copy filtered resources, i.e. build is platform dependent!
2014-01-22 12:10:44,211 [Worker-33] INFO  o.e.m.c.i.embedder.EclipseLogger - skip non existing resourceDirectory /Users/alexfrank/workspace/Playground/akka.sample/akka.sample/src/test/resources
2014-01-22 12:10:51,894 [Worker-45] WARN  o.e.m.c.i.embedder.EclipseLogger - Using platform encoding (US-ASCII actually) to copy filtered resources, i.e. build is platform dependent!
2014-01-22 12:10:51,896 [Worker-45] INFO  o.e.m.c.i.embedder.EclipseLogger - Copying 4 resources
2014-01-22 12:10:51,897 [Worker-45] WARN  o.e.m.c.i.embedder.EclipseLogger - Using platform encoding (US-ASCII actually) to copy filtered resources, i.e. build is platform dependent!
2014-01-22 12:10:51,898 [Worker-45] INFO  o.e.m.c.i.embedder.EclipseLogger - skip non existing resourceDirectory /Users/alexfrank/workspace/Playground/akka.sample/akka.sample/src/test/resources
2014-01-22 12:11:22,343 [Worker-33] WARN  o.e.m.c.i.embedder.EclipseLogger - Using platform encoding (US-ASCII actually) to copy filtered resources, i.e. build is platform dependent!
2014-01-22 12:11:22,344 [Worker-33] INFO  o.e.m.c.i.embedder.EclipseLogger - Copying 4 resources
2014-01-22 12:11:22,346 [Worker-33] WARN  o.e.m.c.i.embedder.EclipseLogger - Using platform encoding (US-ASCII actually) to copy filtered resources, i.e. build is platform dependent!
2014-01-22 12:11:22,346 [Worker-33] INFO  o.e.m.c.i.embedder.EclipseLogger - skip non existing resourceDirectory /Users/alexfrank/workspace/Playground/akka.sample/akka.sample/src/test/resources
2014-01-22 12:11:34,957 [Worker-44] WARN  o.e.m.c.i.embedder.EclipseLogger - Using platform encoding (US-ASCII actually) to copy filtered resources, i.e. build is platform dependent!
2014-01-22 12:11:34,959 [Worker-44] INFO  o.e.m.c.i.embedder.EclipseLogger - Copying 4 resources
2014-01-22 12:11:34,960 [Worker-44] WARN  o.e.m.c.i.embedder.EclipseLogger - Using platform encoding (US-ASCII actually) to copy filtered resources, i.e. build is platform dependent!
2014-01-22 12:11:34,960 [Worker-44] INFO  o.e.m.c.i.embedder.EclipseLogger - skip non existing resourceDirectory /Users/alexfrank/workspace/Playground/akka.sample/akka.sample/src/test/resources
2014-01-22 12:12:07,505 [Worker-46] WARN  o.e.m.c.i.embedder.EclipseLogger - Using platform encoding (US-ASCII actually) to copy filtered resources, i.e. build is platform dependent!
2014-01-22 12:12:07,506 [Worker-46] INFO  o.e.m.c.i.embedder.EclipseLogger - Copying 4 resources
2014-01-22 12:12:07,508 [Worker-46] WARN  o.e.m.c.i.embedder.EclipseLogger - Using platform encoding (US-ASCII actually) to copy filtered resources, i.e. build is platform dependent!
2014-01-22 12:12:07,508 [Worker-46] INFO  o.e.m.c.i.embedder.EclipseLogger - skip non existing resourceDirectory /Users/alexfrank/workspace/Playground/akka.sample/akka.sample/src/test/resources
2014-01-22 12:13:59,115 [Worker-38] WARN  o.e.m.c.i.embedder.EclipseLogger - Using platform encoding (US-ASCII actually) to copy filtered resources, i.e. build is platform dependent!
2014-01-22 12:13:59,116 [Worker-38] INFO  o.e.m.c.i.embedder.EclipseLogger - Copying 4 resources
2014-01-22 12:13:59,118 [Worker-38] WARN  o.e.m.c.i.embedder.EclipseLogger - Using platform encoding (US-ASCII actually) to copy filtered resources, i.e. build is platform dependent!
2014-01-22 12:13:59,119 [Worker-38] INFO  o.e.m.c.i.embedder.EclipseLogger - skip non existing resourceDirectory /Users/alexfrank/workspace/Playground/akka.sample/akka.sample/src/test/resources
2014-01-22 12:20:57,253 [Worker-53] INFO  o.e.m.c.i.l.LifecycleMappingFactory - Using org.eclipse.m2e.jdt.JarLifecycleMapping lifecycle mapping for MavenProject: de.arconsis.sample:akka.sample:1.0-SNAPSHOT @ /Users/alexfrank/workspace/Playground/akka.sample/akka.sample/pom.xml.
2014-01-22 12:20:57,255 [Worker-53] INFO  c.n.h.c.p.n.NettyAsyncHttpProvider - Number of application's worked threads is 16
2014-01-22 12:21:06,927 [New I/O client worker #2-2] INFO  o.e.m.c.i.e.AbstractTransferListenerAdapter - Downloaded https://nexus.adorsys.de/nexus/content/groups/public/com/typesafe/akka/akka-actor_2.10/2.0.4/akka-actor_2.10-2.0.4.pom
2014-01-22 12:21:06,932 [Worker-53] INFO  c.n.h.c.p.n.NettyAsyncHttpProvider - Number of application's worked threads is 16
2014-01-22 12:21:07,507 [New I/O client worker #3-1] INFO  o.e.m.c.i.e.AbstractTransferListenerAdapter - Downloaded http://uk.maven.org/maven2/com/typesafe/akka/akka-actor_2.10/2.0.4/akka-actor_2.10-2.0.4.pom
2014-01-22 12:21:07,510 [Worker-53] WARN  o.e.m.c.i.embedder.EclipseLogger - The POM for com.typesafe.akka:akka-actor_2.10:jar:2.0.4 is missing, no dependency information available
2014-01-22 12:21:07,512 [Worker-53] INFO  c.n.h.c.p.n.NettyAsyncHttpProvider - Number of application's worked threads is 16
2014-01-22 12:21:14,728 [New I/O client worker #4-2] INFO  o.e.m.c.i.e.AbstractTransferListenerAdapter - Downloaded https://nexus.adorsys.de/nexus/content/groups/public/com/typesafe/akka/akka-actor_2.10/2.0.4/akka-actor_2.10-2.0.4.jar
2014-01-22 12:21:14,732 [Worker-53] INFO  c.n.h.c.p.n.NettyAsyncHttpProvider - Number of application's worked threads is 16
2014-01-22 12:21:14,902 [New I/O client worker #5-1] INFO  o.e.m.c.i.e.AbstractTransferListenerAdapter - Downloaded http://uk.maven.org/maven2/com/typesafe/akka/akka-actor_2.10/2.0.4/akka-actor_2.10-2.0.4.jar
2014-01-22 12:21:14,951 [Worker-53] WARN  o.e.m.c.i.embedder.EclipseLogger - Using platform encoding (US-ASCII actually) to copy filtered resources, i.e. build is platform dependent!
2014-01-22 12:21:14,951 [Worker-53] INFO  o.e.m.c.i.embedder.EclipseLogger - Copying 0 resource
2014-01-22 12:21:14,952 [Worker-53] WARN  o.e.m.c.i.embedder.EclipseLogger - Using platform encoding (US-ASCII actually) to copy filtered resources, i.e. build is platform dependent!
2014-01-22 12:21:14,953 [Worker-53] INFO  o.e.m.c.i.embedder.EclipseLogger - skip non existing resourceDirectory /Users/alexfrank/workspace/Playground/akka.sample/akka.sample/src/test/resources
2014-01-22 12:21:25,977 [Worker-50] INFO  o.e.m.c.i.l.LifecycleMappingFactory - Using org.eclipse.m2e.jdt.JarLifecycleMapping lifecycle mapping for MavenProject: de.arconsis.sample:akka.sample:1.0-SNAPSHOT @ /Users/alexfrank/workspace/Playground/akka.sample/akka.sample/pom.xml.
2014-01-22 12:21:26,025 [Worker-50] WARN  o.e.m.c.i.embedder.EclipseLogger - Using platform encoding (US-ASCII actually) to copy filtered resources, i.e. build is platform dependent!
2014-01-22 12:21:26,026 [Worker-50] INFO  o.e.m.c.i.embedder.EclipseLogger - Copying 0 resource
2014-01-22 12:21:26,027 [Worker-50] WARN  o.e.m.c.i.embedder.EclipseLogger - Using platform encoding (US-ASCII actually) to copy filtered resources, i.e. build is platform dependent!
2014-01-22 12:21:26,027 [Worker-50] INFO  o.e.m.c.i.embedder.EclipseLogger - skip non existing resourceDirectory /Users/alexfrank/workspace/Playground/akka.sample/akka.sample/src/test/resources
2014-01-22 12:21:28,467 [Worker-55] WARN  o.e.m.c.i.embedder.EclipseLogger - Using platform encoding (US-ASCII actually) to copy filtered resources, i.e. build is platform dependent!
2014-01-22 12:21:28,468 [Worker-55] INFO  o.e.m.c.i.embedder.EclipseLogger - Copying 4 resources
2014-01-22 12:21:28,469 [Worker-55] WARN  o.e.m.c.i.embedder.EclipseLogger - Using platform encoding (US-ASCII actually) to copy filtered resources, i.e. build is platform dependent!
2014-01-22 12:21:28,470 [Worker-55] INFO  o.e.m.c.i.embedder.EclipseLogger - skip non existing resourceDirectory /Users/alexfrank/workspace/Playground/akka.sample/akka.sample/src/test/resources
2014-01-22 12:22:52,507 [Worker-42] WARN  o.e.m.c.i.embedder.EclipseLogger - Using platform encoding (US-ASCII actually) to copy filtered resources, i.e. build is platform dependent!
2014-01-22 12:22:52,509 [Worker-42] INFO  o.e.m.c.i.embedder.EclipseLogger - Copying 4 resources
2014-01-22 12:22:52,510 [Worker-42] WARN  o.e.m.c.i.embedder.EclipseLogger - Using platform encoding (US-ASCII actually) to copy filtered resources, i.e. build is platform dependent!
2014-01-22 12:22:52,510 [Worker-42] INFO  o.e.m.c.i.embedder.EclipseLogger - skip non existing resourceDirectory /Users/alexfrank/workspace/Playground/akka.sample/akka.sample/src/test/resources
2014-01-22 12:42:17,836 [Worker-64] WARN  o.e.m.c.i.embedder.EclipseLogger - Using platform encoding (US-ASCII actually) to copy filtered resources, i.e. build is platform dependent!
2014-01-22 12:42:17,836 [Worker-64] INFO  o.e.m.c.i.embedder.EclipseLogger - Copying 0 resource
2014-01-22 12:42:17,838 [Worker-64] WARN  o.e.m.c.i.embedder.EclipseLogger - Using platform encoding (US-ASCII actually) to copy filtered resources, i.e. build is platform dependent!
2014-01-22 12:42:17,838 [Worker-64] INFO  o.e.m.c.i.embedder.EclipseLogger - skip non existing resourceDirectory /Users/alexfrank/workspace/Playground/akka.sample/akka.sample/src/test/resources
2014-01-22 12:43:20,203 [Worker-68] WARN  o.e.m.c.i.embedder.EclipseLogger - Using platform encoding (US-ASCII actually) to copy filtered resources, i.e. build is platform dependent!
2014-01-22 12:43:20,204 [Worker-68] INFO  o.e.m.c.i.embedder.EclipseLogger - Copying 0 resource
2014-01-22 12:43:20,205 [Worker-68] WARN  o.e.m.c.i.embedder.EclipseLogger - Using platform encoding (US-ASCII actually) to copy filtered resources, i.e. build is platform dependent!
2014-01-22 12:43:20,205 [Worker-68] INFO  o.e.m.c.i.embedder.EclipseLogger - skip non existing resourceDirectory /Users/alexfrank/workspace/Playground/akka.sample/akka.sample/src/test/resources
2014-01-22 12:43:37,675 [Worker-70] WARN  o.e.m.c.i.embedder.EclipseLogger - Using platform encoding (US-ASCII actually) to copy filtered resources, i.e. build is platform dependent!
2014-01-22 12:43:37,675 [Worker-70] INFO  o.e.m.c.i.embedder.EclipseLogger - Copying 0 resource
2014-01-22 12:43:37,676 [Worker-70] WARN  o.e.m.c.i.embedder.EclipseLogger - Using platform encoding (US-ASCII actually) to copy filtered resources, i.e. build is platform dependent!
2014-01-22 12:43:37,677 [Worker-70] INFO  o.e.m.c.i.embedder.EclipseLogger - skip non existing resourceDirectory /Users/alexfrank/workspace/Playground/akka.sample/akka.sample/src/test/resources
2014-01-22 12:44:32,263 [Worker-73] WARN  o.e.m.c.i.embedder.EclipseLogger - Using platform encoding (US-ASCII actually) to copy filtered resources, i.e. build is platform dependent!
2014-01-22 12:44:32,264 [Worker-73] INFO  o.e.m.c.i.embedder.EclipseLogger - Copying 0 resource
2014-01-22 12:44:32,265 [Worker-73] WARN  o.e.m.c.i.embedder.EclipseLogger - Using platform encoding (US-ASCII actually) to copy filtered resources, i.e. build is platform dependent!
2014-01-22 12:44:32,265 [Worker-73] INFO  o.e.m.c.i.embedder.EclipseLogger - skip non existing resourceDirectory /Users/alexfrank/workspace/Playground/akka.sample/akka.sample/src/test/resources
2014-01-22 12:44:50,177 [Worker-69] WARN  o.e.m.c.i.embedder.EclipseLogger - Using platform encoding (US-ASCII actually) to copy filtered resources, i.e. build is platform dependent!
2014-01-22 12:44:50,178 [Worker-69] INFO  o.e.m.c.i.embedder.EclipseLogger - Copying 0 resource
2014-01-22 12:44:50,179 [Worker-69] WARN  o.e.m.c.i.embedder.EclipseLogger - Using platform encoding (US-ASCII actually) to copy filtered resources, i.e. build is platform dependent!
2014-01-22 12:44:50,180 [Worker-69] INFO  o.e.m.c.i.embedder.EclipseLogger - skip non existing resourceDirectory /Users/alexfrank/workspace/Playground/akka.sample/akka.sample/src/test/resources
2014-01-22 12:44:53,722 [Worker-64] WARN  o.e.m.c.i.embedder.EclipseLogger - Using platform encoding (US-ASCII actually) to copy filtered resources, i.e. build is platform dependent!
2014-01-22 12:44:53,722 [Worker-64] INFO  o.e.m.c.i.embedder.EclipseLogger - Copying 0 resource
2014-01-22 12:44:53,723 [Worker-64] WARN  o.e.m.c.i.embedder.EclipseLogger - Using platform encoding (US-ASCII actually) to copy filtered resources, i.e. build is platform dependent!
2014-01-22 12:44:53,724 [Worker-64] INFO  o.e.m.c.i.embedder.EclipseLogger - skip non existing resourceDirectory /Users/alexfrank/workspace/Playground/akka.sample/akka.sample/src/test/resources
2014-01-22 12:44:55,919 [Worker-65] WARN  o.e.m.c.i.embedder.EclipseLogger - Using platform encoding (US-ASCII actually) to copy filtered resources, i.e. build is platform dependent!
2014-01-22 12:44:55,919 [Worker-65] INFO  o.e.m.c.i.embedder.EclipseLogger - Copying 0 resource
2014-01-22 12:44:55,920 [Worker-65] WARN  o.e.m.c.i.embedder.EclipseLogger - Using platform encoding (US-ASCII actually) to copy filtered resources, i.e. build is platform dependent!
2014-01-22 12:44:55,920 [Worker-65] INFO  o.e.m.c.i.embedder.EclipseLogger - skip non existing resourceDirectory /Users/alexfrank/workspace/Playground/akka.sample/akka.sample/src/test/resources
2014-01-22 12:45:11,583 [Worker-69] WARN  o.e.m.c.i.embedder.EclipseLogger - Using platform encoding (US-ASCII actually) to copy filtered resources, i.e. build is platform dependent!
2014-01-22 12:45:11,583 [Worker-69] INFO  o.e.m.c.i.embedder.EclipseLogger - Copying 0 resource
2014-01-22 12:45:11,584 [Worker-69] WARN  o.e.m.c.i.embedder.EclipseLogger - Using platform encoding (US-ASCII actually) to copy filtered resources, i.e. build is platform dependent!
2014-01-22 12:45:11,585 [Worker-69] INFO  o.e.m.c.i.embedder.EclipseLogger - skip non existing resourceDirectory /Users/alexfrank/workspace/Playground/akka.sample/akka.sample/src/test/resources
2014-01-22 12:45:41,906 [Worker-71] WARN  o.e.m.c.i.embedder.EclipseLogger - Using platform encoding (US-ASCII actually) to copy filtered resources, i.e. build is platform dependent!
2014-01-22 12:45:41,906 [Worker-71] INFO  o.e.m.c.i.embedder.EclipseLogger - Copying 0 resource
2014-01-22 12:45:41,907 [Worker-71] WARN  o.e.m.c.i.embedder.EclipseLogger - Using platform encoding (US-ASCII actually) to copy filtered resources, i.e. build is platform dependent!
2014-01-22 12:45:41,907 [Worker-71] INFO  o.e.m.c.i.embedder.EclipseLogger - skip non existing resourceDirectory /Users/alexfrank/workspace/Playground/akka.sample/akka.sample/src/test/resources
2014-01-22 12:46:26,633 [Worker-72] WARN  o.e.m.c.i.embedder.EclipseLogger - Using platform encoding (US-ASCII actually) to copy filtered resources, i.e. build is platform dependent!
2014-01-22 12:46:26,634 [Worker-72] INFO  o.e.m.c.i.embedder.EclipseLogger - Copying 0 resource
2014-01-22 12:46:26,635 [Worker-72] WARN  o.e.m.c.i.embedder.EclipseLogger - Using platform encoding (US-ASCII actually) to copy filtered resources, i.e. build is platform dependent!
2014-01-22 12:46:26,635 [Worker-72] INFO  o.e.m.c.i.embedder.EclipseLogger - skip non existing resourceDirectory /Users/alexfrank/workspace/Playground/akka.sample/akka.sample/src/test/resources
2014-01-22 12:47:15,440 [Worker-69] WARN  o.e.m.c.i.embedder.EclipseLogger - Using platform encoding (US-ASCII actually) to copy filtered resources, i.e. build is platform dependent!
2014-01-22 12:47:15,440 [Worker-69] INFO  o.e.m.c.i.embedder.EclipseLogger - Copying 1 resource
2014-01-22 12:47:15,441 [Worker-69] WARN  o.e.m.c.i.embedder.EclipseLogger - Using platform encoding (US-ASCII actually) to copy filtered resources, i.e. build is platform dependent!
2014-01-22 12:47:15,442 [Worker-69] INFO  o.e.m.c.i.embedder.EclipseLogger - skip non existing resourceDirectory /Users/alexfrank/workspace/Playground/akka.sample/akka.sample/src/test/resources
2014-01-22 12:50:19,590 [Worker-70] WARN  o.e.m.c.i.embedder.EclipseLogger - Using platform encoding (US-ASCII actually) to copy filtered resources, i.e. build is platform dependent!
2014-01-22 12:50:19,591 [Worker-70] INFO  o.e.m.c.i.embedder.EclipseLogger - Copying 1 resource
2014-01-22 12:50:19,595 [Worker-70] WARN  o.e.m.c.i.embedder.EclipseLogger - Using platform encoding (US-ASCII actually) to copy filtered resources, i.e. build is platform dependent!
2014-01-22 12:50:19,596 [Worker-70] INFO  o.e.m.c.i.embedder.EclipseLogger - skip non existing resourceDirectory /Users/alexfrank/workspace/Playground/akka.sample/akka.sample/src/test/resources
2014-01-22 12:50:20,614 [Worker-70] WARN  o.e.m.c.i.embedder.EclipseLogger - Using platform encoding (US-ASCII actually) to copy filtered resources, i.e. build is platform dependent!
2014-01-22 12:50:20,615 [Worker-70] INFO  o.e.m.c.i.embedder.EclipseLogger - Copying 1 resource
2014-01-22 12:50:20,616 [Worker-70] WARN  o.e.m.c.i.embedder.EclipseLogger - Using platform encoding (US-ASCII actually) to copy filtered resources, i.e. build is platform dependent!
2014-01-22 12:50:20,617 [Worker-70] INFO  o.e.m.c.i.embedder.EclipseLogger - skip non existing resourceDirectory /Users/alexfrank/workspace/Playground/akka.sample/akka.sample/src/test/resources
2014-01-22 12:50:54,946 [Worker-78] WARN  o.e.m.c.i.embedder.EclipseLogger - Using platform encoding (US-ASCII actually) to copy filtered resources, i.e. build is platform dependent!
2014-01-22 12:50:54,946 [Worker-78] INFO  o.e.m.c.i.embedder.EclipseLogger - Copying 1 resource
2014-01-22 12:50:54,948 [Worker-78] WARN  o.e.m.c.i.embedder.EclipseLogger - Using platform encoding (US-ASCII actually) to copy filtered resources, i.e. build is platform dependent!
2014-01-22 12:50:54,948 [Worker-78] INFO  o.e.m.c.i.embedder.EclipseLogger - skip non existing resourceDirectory /Users/alexfrank/workspace/Playground/akka.sample/akka.sample/src/test/resources
2014-01-22 12:51:27,410 [Worker-55] WARN  o.e.m.c.i.embedder.EclipseLogger - Using platform encoding (US-ASCII actually) to copy filtered resources, i.e. build is platform dependent!
2014-01-22 12:51:27,411 [Worker-55] INFO  o.e.m.c.i.embedder.EclipseLogger - Copying 1 resource
2014-01-22 12:51:27,412 [Worker-55] WARN  o.e.m.c.i.embedder.EclipseLogger - Using platform encoding (US-ASCII actually) to copy filtered resources, i.e. build is platform dependent!
2014-01-22 12:51:27,412 [Worker-55] INFO  o.e.m.c.i.embedder.EclipseLogger - skip non existing resourceDirectory /Users/alexfrank/workspace/Playground/akka.sample/akka.sample/src/test/resources
2014-01-22 12:51:51,786 [Worker-80] WARN  o.e.m.c.i.embedder.EclipseLogger - Using platform encoding (US-ASCII actually) to copy filtered resources, i.e. build is platform dependent!
2014-01-22 12:51:51,787 [Worker-80] INFO  o.e.m.c.i.embedder.EclipseLogger - Copying 1 resource
2014-01-22 12:51:51,788 [Worker-80] WARN  o.e.m.c.i.embedder.EclipseLogger - Using platform encoding (US-ASCII actually) to copy filtered resources, i.e. build is platform dependent!
2014-01-22 12:51:51,788 [Worker-80] INFO  o.e.m.c.i.embedder.EclipseLogger - skip non existing resourceDirectory /Users/alexfrank/workspace/Playground/akka.sample/akka.sample/src/test/resources
2014-01-22 12:52:07,682 [Worker-74] WARN  o.e.m.c.i.embedder.EclipseLogger - Using platform encoding (US-ASCII actually) to copy filtered resources, i.e. build is platform dependent!
2014-01-22 12:52:07,682 [Worker-74] INFO  o.e.m.c.i.embedder.EclipseLogger - Copying 1 resource
2014-01-22 12:52:07,684 [Worker-74] WARN  o.e.m.c.i.embedder.EclipseLogger - Using platform encoding (US-ASCII actually) to copy filtered resources, i.e. build is platform dependent!
2014-01-22 12:52:07,684 [Worker-74] INFO  o.e.m.c.i.embedder.EclipseLogger - skip non existing resourceDirectory /Users/alexfrank/workspace/Playground/akka.sample/akka.sample/src/test/resources
2014-01-22 12:53:46,575 [Worker-82] WARN  o.e.m.c.i.embedder.EclipseLogger - Using platform encoding (US-ASCII actually) to copy filtered resources, i.e. build is platform dependent!
2014-01-22 12:53:46,576 [Worker-82] INFO  o.e.m.c.i.embedder.EclipseLogger - Copying 1 resource
2014-01-22 12:53:46,577 [Worker-82] WARN  o.e.m.c.i.embedder.EclipseLogger - Using platform encoding (US-ASCII actually) to copy filtered resources, i.e. build is platform dependent!
2014-01-22 12:53:46,578 [Worker-82] INFO  o.e.m.c.i.embedder.EclipseLogger - skip non existing resourceDirectory /Users/alexfrank/workspace/Playground/akka.sample/akka.sample/src/test/resources
2014-01-22 12:56:19,152 [Worker-84] WARN  o.e.m.c.i.embedder.EclipseLogger - Using platform encoding (US-ASCII actually) to copy filtered resources, i.e. build is platform dependent!
2014-01-22 12:56:19,152 [Worker-84] INFO  o.e.m.c.i.embedder.EclipseLogger - Copying 1 resource
2014-01-22 12:56:19,153 [Worker-84] WARN  o.e.m.c.i.embedder.EclipseLogger - Using platform encoding (US-ASCII actually) to copy filtered resources, i.e. build is platform dependent!
2014-01-22 12:56:19,154 [Worker-84] INFO  o.e.m.c.i.embedder.EclipseLogger - skip non existing resourceDirectory /Users/alexfrank/workspace/Playground/akka.sample/akka.sample/src/test/resources
2014-01-22 12:58:24,407 [Worker-84] WARN  o.e.m.c.i.embedder.EclipseLogger - Using platform encoding (US-ASCII actually) to copy filtered resources, i.e. build is platform dependent!
2014-01-22 12:58:24,408 [Worker-84] INFO  o.e.m.c.i.embedder.EclipseLogger - Copying 1 resource
2014-01-22 12:58:24,409 [Worker-84] WARN  o.e.m.c.i.embedder.EclipseLogger - Using platform encoding (US-ASCII actually) to copy filtered resources, i.e. build is platform dependent!
2014-01-22 12:58:24,410 [Worker-84] INFO  o.e.m.c.i.embedder.EclipseLogger - skip non existing resourceDirectory /Users/alexfrank/workspace/Playground/akka.sample/akka.sample/src/test/resources
2014-01-22 12:58:35,663 [Worker-85] WARN  o.e.m.c.i.embedder.EclipseLogger - Using platform encoding (US-ASCII actually) to copy filtered resources, i.e. build is platform dependent!
2014-01-22 12:58:35,664 [Worker-85] INFO  o.e.m.c.i.embedder.EclipseLogger - Copying 1 resource
2014-01-22 12:58:35,665 [Worker-85] WARN  o.e.m.c.i.embedder.EclipseLogger - Using platform encoding (US-ASCII actually) to copy filtered resources, i.e. build is platform dependent!
2014-01-22 12:58:35,665 [Worker-85] INFO  o.e.m.c.i.embedder.EclipseLogger - skip non existing resourceDirectory /Users/alexfrank/workspace/Playground/akka.sample/akka.sample/src/test/resources
2014-01-22 12:59:18,431 [Worker-91] WARN  o.e.m.c.i.embedder.EclipseLogger - Using platform encoding (US-ASCII actually) to copy filtered resources, i.e. build is platform dependent!
2014-01-22 12:59:18,432 [Worker-91] INFO  o.e.m.c.i.embedder.EclipseLogger - Copying 1 resource
2014-01-22 12:59:18,433 [Worker-91] WARN  o.e.m.c.i.embedder.EclipseLogger - Using platform encoding (US-ASCII actually) to copy filtered resources, i.e. build is platform dependent!
2014-01-22 12:59:18,434 [Worker-91] INFO  o.e.m.c.i.embedder.EclipseLogger - skip non existing resourceDirectory /Users/alexfrank/workspace/Playground/akka.sample/akka.sample/src/test/resources
2014-01-22 13:00:57,935 [Worker-90] WARN  o.e.m.c.i.embedder.EclipseLogger - Using platform encoding (US-ASCII actually) to copy filtered resources, i.e. build is platform dependent!
2014-01-22 13:00:57,935 [Worker-90] INFO  o.e.m.c.i.embedder.EclipseLogger - Copying 1 resource
2014-01-22 13:00:57,937 [Worker-90] WARN  o.e.m.c.i.embedder.EclipseLogger - Using platform encoding (US-ASCII actually) to copy filtered resources, i.e. build is platform dependent!
2014-01-22 13:00:57,937 [Worker-90] INFO  o.e.m.c.i.embedder.EclipseLogger - skip non existing resourceDirectory /Users/alexfrank/workspace/Playground/akka.sample/akka.sample/src/test/resources
2014-01-22 13:01:09,422 [Worker-84] WARN  o.e.m.c.i.embedder.EclipseLogger - Using platform encoding (US-ASCII actually) to copy filtered resources, i.e. build is platform dependent!
2014-01-22 13:01:09,422 [Worker-84] INFO  o.e.m.c.i.embedder.EclipseLogger - Copying 1 resource
2014-01-22 13:01:09,424 [Worker-84] WARN  o.e.m.c.i.embedder.EclipseLogger - Using platform encoding (US-ASCII actually) to copy filtered resources, i.e. build is platform dependent!
2014-01-22 13:01:09,424 [Worker-84] INFO  o.e.m.c.i.embedder.EclipseLogger - skip non existing resourceDirectory /Users/alexfrank/workspace/Playground/akka.sample/akka.sample/src/test/resources
2014-01-22 13:01:25,217 [Worker-84] WARN  o.e.m.c.i.embedder.EclipseLogger - Using platform encoding (US-ASCII actually) to copy filtered resources, i.e. build is platform dependent!
2014-01-22 13:01:25,218 [Worker-84] INFO  o.e.m.c.i.embedder.EclipseLogger - Copying 1 resource
2014-01-22 13:01:25,219 [Worker-84] WARN  o.e.m.c.i.embedder.EclipseLogger - Using platform encoding (US-ASCII actually) to copy filtered resources, i.e. build is platform dependent!
2014-01-22 13:01:25,220 [Worker-84] INFO  o.e.m.c.i.embedder.EclipseLogger - skip non existing resourceDirectory /Users/alexfrank/workspace/Playground/akka.sample/akka.sample/src/test/resources
2014-01-22 13:02:45,290 [Worker-5] WARN  o.e.m.c.i.embedder.EclipseLogger - Using platform encoding (US-ASCII actually) to copy filtered resources, i.e. build is platform dependent!
2014-01-22 13:02:45,299 [Worker-5] INFO  o.e.m.c.i.embedder.EclipseLogger - Copying 1 resource
2014-01-22 13:02:45,308 [Worker-5] WARN  o.e.m.c.i.embedder.EclipseLogger - Using platform encoding (US-ASCII actually) to copy filtered resources, i.e. build is platform dependent!
2014-01-22 13:02:45,309 [Worker-5] INFO  o.e.m.c.i.embedder.EclipseLogger - skip non existing resourceDirectory /Users/alexfrank/workspace/Playground/akka.sample/akka.sample/src/test/resources
2014-01-22 13:02:46,552 [Worker-8] WARN  o.e.m.c.i.embedder.EclipseLogger - Using platform encoding (US-ASCII actually) to copy filtered resources, i.e. build is platform dependent!
2014-01-22 13:02:46,557 [Worker-8] INFO  o.e.m.c.i.embedder.EclipseLogger - Copying 1 resource
2014-01-22 13:02:46,559 [Worker-8] WARN  o.e.m.c.i.embedder.EclipseLogger - Using platform encoding (US-ASCII actually) to copy filtered resources, i.e. build is platform dependent!
2014-01-22 13:02:46,560 [Worker-8] INFO  o.e.m.c.i.embedder.EclipseLogger - skip non existing resourceDirectory /Users/alexfrank/workspace/Playground/akka.sample/akka.sample/src/test/resources
2014-01-22 13:03:00,883 [Worker-4] WARN  o.e.m.c.i.embedder.EclipseLogger - Using platform encoding (US-ASCII actually) to copy filtered resources, i.e. build is platform dependent!
2014-01-22 13:03:00,884 [Worker-4] INFO  o.e.m.c.i.embedder.EclipseLogger - Copying 1 resource
2014-01-22 13:03:00,886 [Worker-4] WARN  o.e.m.c.i.embedder.EclipseLogger - Using platform encoding (US-ASCII actually) to copy filtered resources, i.e. build is platform dependent!
2014-01-22 13:03:00,886 [Worker-4] INFO  o.e.m.c.i.embedder.EclipseLogger - skip non existing resourceDirectory /Users/alexfrank/workspace/Playground/akka.sample/akka.sample/src/test/resources
2014-01-22 13:03:05,105 [Worker-2] WARN  o.e.m.c.i.embedder.EclipseLogger - Using platform encoding (US-ASCII actually) to copy filtered resources, i.e. build is platform dependent!
2014-01-22 13:03:05,106 [Worker-2] INFO  o.e.m.c.i.embedder.EclipseLogger - Copying 1 resource
2014-01-22 13:03:05,108 [Worker-2] WARN  o.e.m.c.i.embedder.EclipseLogger - Using platform encoding (US-ASCII actually) to copy filtered resources, i.e. build is platform dependent!
2014-01-22 13:03:05,108 [Worker-2] INFO  o.e.m.c.i.embedder.EclipseLogger - skip non existing resourceDirectory /Users/alexfrank/workspace/Playground/akka.sample/akka.sample/src/test/resources
2014-01-22 13:11:22,312 [Worker-12] WARN  o.e.m.c.i.embedder.EclipseLogger - Using platform encoding (US-ASCII actually) to copy filtered resources, i.e. build is platform dependent!
2014-01-22 13:11:22,313 [Worker-12] INFO  o.e.m.c.i.embedder.EclipseLogger - Copying 1 resource
2014-01-22 13:11:22,314 [Worker-12] WARN  o.e.m.c.i.embedder.EclipseLogger - Using platform encoding (US-ASCII actually) to copy filtered resources, i.e. build is platform dependent!
2014-01-22 13:11:22,315 [Worker-12] INFO  o.e.m.c.i.embedder.EclipseLogger - skip non existing resourceDirectory /Users/alexfrank/workspace/Playground/akka.sample/akka.sample/src/test/resources
2014-01-22 13:11:39,772 [Worker-19] WARN  o.e.m.c.i.embedder.EclipseLogger - Using platform encoding (US-ASCII actually) to copy filtered resources, i.e. build is platform dependent!
2014-01-22 13:11:39,773 [Worker-19] INFO  o.e.m.c.i.embedder.EclipseLogger - Copying 1 resource
2014-01-22 13:11:39,774 [Worker-19] WARN  o.e.m.c.i.embedder.EclipseLogger - Using platform encoding (US-ASCII actually) to copy filtered resources, i.e. build is platform dependent!
2014-01-22 13:11:39,774 [Worker-19] INFO  o.e.m.c.i.embedder.EclipseLogger - skip non existing resourceDirectory /Users/alexfrank/workspace/Playground/akka.sample/akka.sample/src/test/resources
2014-01-22 13:12:22,901 [Worker-14] WARN  o.e.m.c.i.embedder.EclipseLogger - Using platform encoding (US-ASCII actually) to copy filtered resources, i.e. build is platform dependent!
2014-01-22 13:12:22,902 [Worker-14] INFO  o.e.m.c.i.embedder.EclipseLogger - Copying 1 resource
2014-01-22 13:12:22,904 [Worker-14] WARN  o.e.m.c.i.embedder.EclipseLogger - Using platform encoding (US-ASCII actually) to copy filtered resources, i.e. build is platform dependent!
2014-01-22 13:12:22,905 [Worker-14] INFO  o.e.m.c.i.embedder.EclipseLogger - skip non existing resourceDirectory /Users/alexfrank/workspace/Playground/akka.sample/akka.sample/src/test/resources
2014-01-22 13:12:55,950 [Worker-13] WARN  o.e.m.c.i.embedder.EclipseLogger - Using platform encoding (US-ASCII actually) to copy filtered resources, i.e. build is platform dependent!
2014-01-22 13:12:55,951 [Worker-13] INFO  o.e.m.c.i.embedder.EclipseLogger - Copying 1 resource
2014-01-22 13:12:55,954 [Worker-13] WARN  o.e.m.c.i.embedder.EclipseLogger - Using platform encoding (US-ASCII actually) to copy filtered resources, i.e. build is platform dependent!
2014-01-22 13:12:55,954 [Worker-13] INFO  o.e.m.c.i.embedder.EclipseLogger - skip non existing resourceDirectory /Users/alexfrank/workspace/Playground/akka.sample/akka.sample/src/test/resources
2014-01-22 13:13:31,330 [Worker-20] WARN  o.e.m.c.i.embedder.EclipseLogger - Using platform encoding (US-ASCII actually) to copy filtered resources, i.e. build is platform dependent!
2014-01-22 13:13:31,331 [Worker-20] INFO  o.e.m.c.i.embedder.EclipseLogger - Copying 1 resource
2014-01-22 13:13:31,332 [Worker-20] WARN  o.e.m.c.i.embedder.EclipseLogger - Using platform encoding (US-ASCII actually) to copy filtered resources, i.e. build is platform dependent!
2014-01-22 13:13:31,333 [Worker-20] INFO  o.e.m.c.i.embedder.EclipseLogger - skip non existing resourceDirectory /Users/alexfrank/workspace/Playground/akka.sample/akka.sample/src/test/resources
2014-01-22 13:13:41,031 [Worker-20] WARN  o.e.m.c.i.embedder.EclipseLogger - Using platform encoding (US-ASCII actually) to copy filtered resources, i.e. build is platform dependent!
2014-01-22 13:13:41,032 [Worker-20] INFO  o.e.m.c.i.embedder.EclipseLogger - Copying 1 resource
2014-01-22 13:13:41,033 [Worker-20] WARN  o.e.m.c.i.embedder.EclipseLogger - Using platform encoding (US-ASCII actually) to copy filtered resources, i.e. build is platform dependent!
2014-01-22 13:13:41,033 [Worker-20] INFO  o.e.m.c.i.embedder.EclipseLogger - skip non existing resourceDirectory /Users/alexfrank/workspace/Playground/akka.sample/akka.sample/src/test/resources
2014-01-22 13:13:56,899 [Worker-16] WARN  o.e.m.c.i.embedder.EclipseLogger - Using platform encoding (US-ASCII actually) to copy filtered resources, i.e. build is platform dependent!
2014-01-22 13:13:56,900 [Worker-16] INFO  o.e.m.c.i.embedder.EclipseLogger - Copying 1 resource
2014-01-22 13:13:56,901 [Worker-16] WARN  o.e.m.c.i.embedder.EclipseLogger - Using platform encoding (US-ASCII actually) to copy filtered resources, i.e. build is platform dependent!
2014-01-22 13:13:56,901 [Worker-16] INFO  o.e.m.c.i.embedder.EclipseLogger - skip non existing resourceDirectory /Users/alexfrank/workspace/Playground/akka.sample/akka.sample/src/test/resources
2014-01-22 13:15:00,934 [Worker-12] WARN  o.e.m.c.i.embedder.EclipseLogger - Using platform encoding (US-ASCII actually) to copy filtered resources, i.e. build is platform dependent!
2014-01-22 13:15:00,935 [Worker-12] INFO  o.e.m.c.i.embedder.EclipseLogger - Copying 1 resource
2014-01-22 13:15:00,937 [Worker-12] WARN  o.e.m.c.i.embedder.EclipseLogger - Using platform encoding (US-ASCII actually) to copy filtered resources, i.e. build is platform dependent!
2014-01-22 13:15:00,937 [Worker-12] INFO  o.e.m.c.i.embedder.EclipseLogger - skip non existing resourceDirectory /Users/alexfrank/workspace/Playground/akka.sample/akka.sample/src/test/resources
2014-01-22 13:15:04,721 [Worker-14] WARN  o.e.m.c.i.embedder.EclipseLogger - Using platform encoding (US-ASCII actually) to copy filtered resources, i.e. build is platform dependent!
2014-01-22 13:15:04,721 [Worker-14] INFO  o.e.m.c.i.embedder.EclipseLogger - Copying 1 resource
2014-01-22 13:15:04,723 [Worker-14] WARN  o.e.m.c.i.embedder.EclipseLogger - Using platform encoding (US-ASCII actually) to copy filtered resources, i.e. build is platform dependent!
2014-01-22 13:15:04,723 [Worker-14] INFO  o.e.m.c.i.embedder.EclipseLogger - skip non existing resourceDirectory /Users/alexfrank/workspace/Playground/akka.sample/akka.sample/src/test/resources
2014-01-22 13:15:27,471 [Worker-14] WARN  o.e.m.c.i.embedder.EclipseLogger - Using platform encoding (US-ASCII actually) to copy filtered resources, i.e. build is platform dependent!
2014-01-22 13:15:27,471 [Worker-14] INFO  o.e.m.c.i.embedder.EclipseLogger - Copying 1 resource
2014-01-22 13:15:27,473 [Worker-14] WARN  o.e.m.c.i.embedder.EclipseLogger - Using platform encoding (US-ASCII actually) to copy filtered resources, i.e. build is platform dependent!
2014-01-22 13:15:27,473 [Worker-14] INFO  o.e.m.c.i.embedder.EclipseLogger - skip non existing resourceDirectory /Users/alexfrank/workspace/Playground/akka.sample/akka.sample/src/test/resources
2014-01-22 13:15:36,111 [Worker-12] WARN  o.e.m.c.i.embedder.EclipseLogger - Using platform encoding (US-ASCII actually) to copy filtered resources, i.e. build is platform dependent!
2014-01-22 13:15:36,112 [Worker-12] INFO  o.e.m.c.i.embedder.EclipseLogger - Copying 1 resource
2014-01-22 13:15:36,113 [Worker-12] WARN  o.e.m.c.i.embedder.EclipseLogger - Using platform encoding (US-ASCII actually) to copy filtered resources, i.e. build is platform dependent!
2014-01-22 13:15:36,114 [Worker-12] INFO  o.e.m.c.i.embedder.EclipseLogger - skip non existing resourceDirectory /Users/alexfrank/workspace/Playground/akka.sample/akka.sample/src/test/resources
2014-01-22 13:17:40,056 [Worker-13] WARN  o.e.m.c.i.embedder.EclipseLogger - Using platform encoding (US-ASCII actually) to copy filtered resources, i.e. build is platform dependent!
2014-01-22 13:17:40,057 [Worker-13] INFO  o.e.m.c.i.embedder.EclipseLogger - Copying 1 resource
2014-01-22 13:17:40,059 [Worker-13] WARN  o.e.m.c.i.embedder.EclipseLogger - Using platform encoding (US-ASCII actually) to copy filtered resources, i.e. build is platform dependent!
2014-01-22 13:17:40,060 [Worker-13] INFO  o.e.m.c.i.embedder.EclipseLogger - skip non existing resourceDirectory /Users/alexfrank/workspace/Playground/akka.sample/akka.sample/src/test/resources
2014-01-22 13:17:54,215 [Worker-12] WARN  o.e.m.c.i.embedder.EclipseLogger - Using platform encoding (US-ASCII actually) to copy filtered resources, i.e. build is platform dependent!
2014-01-22 13:17:54,216 [Worker-12] INFO  o.e.m.c.i.embedder.EclipseLogger - Copying 1 resource
2014-01-22 13:17:54,218 [Worker-12] WARN  o.e.m.c.i.embedder.EclipseLogger - Using platform encoding (US-ASCII actually) to copy filtered resources, i.e. build is platform dependent!
2014-01-22 13:17:54,218 [Worker-12] INFO  o.e.m.c.i.embedder.EclipseLogger - skip non existing resourceDirectory /Users/alexfrank/workspace/Playground/akka.sample/akka.sample/src/test/resources
2014-01-22 13:19:27,845 [Worker-16] WARN  o.e.m.c.i.embedder.EclipseLogger - Using platform encoding (US-ASCII actually) to copy filtered resources, i.e. build is platform dependent!
2014-01-22 13:19:27,846 [Worker-16] INFO  o.e.m.c.i.embedder.EclipseLogger - Copying 1 resource
2014-01-22 13:19:27,847 [Worker-16] WARN  o.e.m.c.i.embedder.EclipseLogger - Using platform encoding (US-ASCII actually) to copy filtered resources, i.e. build is platform dependent!
2014-01-22 13:19:27,847 [Worker-16] INFO  o.e.m.c.i.embedder.EclipseLogger - skip non existing resourceDirectory /Users/alexfrank/workspace/Playground/akka.sample/akka.sample/src/test/resources
2014-01-22 14:35:36,278 [Worker-50] WARN  o.e.m.c.i.embedder.EclipseLogger - Using platform encoding (US-ASCII actually) to copy filtered resources, i.e. build is platform dependent!
2014-01-22 14:35:36,279 [Worker-50] INFO  o.e.m.c.i.embedder.EclipseLogger - Copying 1 resource
2014-01-22 14:35:36,280 [Worker-50] WARN  o.e.m.c.i.embedder.EclipseLogger - Using platform encoding (US-ASCII actually) to copy filtered resources, i.e. build is platform dependent!
2014-01-22 14:35:36,280 [Worker-50] INFO  o.e.m.c.i.embedder.EclipseLogger - skip non existing resourceDirectory /Users/alexfrank/workspace/Playground/akka.sample/akka.sample/src/test/resources
2014-01-22 14:36:09,577 [Worker-55] WARN  o.e.m.c.i.embedder.EclipseLogger - Using platform encoding (US-ASCII actually) to copy filtered resources, i.e. build is platform dependent!
2014-01-22 14:36:09,578 [Worker-55] INFO  o.e.m.c.i.embedder.EclipseLogger - Copying 1 resource
2014-01-22 14:36:09,579 [Worker-55] WARN  o.e.m.c.i.embedder.EclipseLogger - Using platform encoding (US-ASCII actually) to copy filtered resources, i.e. build is platform dependent!
2014-01-22 14:36:09,579 [Worker-55] INFO  o.e.m.c.i.embedder.EclipseLogger - skip non existing resourceDirectory /Users/alexfrank/workspace/Playground/akka.sample/akka.sample/src/test/resources
2014-01-22 14:39:44,567 [Worker-60] WARN  o.e.m.c.i.embedder.EclipseLogger - Using platform encoding (US-ASCII actually) to copy filtered resources, i.e. build is platform dependent!
2014-01-22 14:39:44,567 [Worker-60] INFO  o.e.m.c.i.embedder.EclipseLogger - Copying 1 resource
2014-01-22 14:39:44,569 [Worker-60] WARN  o.e.m.c.i.embedder.EclipseLogger - Using platform encoding (US-ASCII actually) to copy filtered resources, i.e. build is platform dependent!
2014-01-22 14:39:44,569 [Worker-60] INFO  o.e.m.c.i.embedder.EclipseLogger - skip non existing resourceDirectory /Users/alexfrank/workspace/Playground/akka.sample/akka.sample/src/test/resources
2014-01-22 14:43:18,202 [Worker-67] WARN  o.e.m.c.i.embedder.EclipseLogger - Using platform encoding (US-ASCII actually) to copy filtered resources, i.e. build is platform dependent!
2014-01-22 14:43:18,203 [Worker-67] INFO  o.e.m.c.i.embedder.EclipseLogger - Copying 1 resource
2014-01-22 14:43:18,204 [Worker-67] WARN  o.e.m.c.i.embedder.EclipseLogger - Using platform encoding (US-ASCII actually) to copy filtered resources, i.e. build is platform dependent!
2014-01-22 14:43:18,205 [Worker-67] INFO  o.e.m.c.i.embedder.EclipseLogger - skip non existing resourceDirectory /Users/alexfrank/workspace/Playground/akka.sample/akka.sample/src/test/resources
2014-01-22 14:43:53,200 [Worker-51] WARN  o.e.m.c.i.embedder.EclipseLogger - Using platform encoding (US-ASCII actually) to copy filtered resources, i.e. build is platform dependent!
2014-01-22 14:43:53,201 [Worker-51] INFO  o.e.m.c.i.embedder.EclipseLogger - Copying 1 resource
2014-01-22 14:43:53,202 [Worker-51] WARN  o.e.m.c.i.embedder.EclipseLogger - Using platform encoding (US-ASCII actually) to copy filtered resources, i.e. build is platform dependent!
2014-01-22 14:43:53,202 [Worker-51] INFO  o.e.m.c.i.embedder.EclipseLogger - skip non existing resourceDirectory /Users/alexfrank/workspace/Playground/akka.sample/akka.sample/src/test/resources
2014-01-22 14:43:55,231 [Worker-51] WARN  o.e.m.c.i.embedder.EclipseLogger - Using platform encoding (US-ASCII actually) to copy filtered resources, i.e. build is platform dependent!
2014-01-22 14:43:55,232 [Worker-51] INFO  o.e.m.c.i.embedder.EclipseLogger - Copying 1 resource
2014-01-22 14:43:55,233 [Worker-51] WARN  o.e.m.c.i.embedder.EclipseLogger - Using platform encoding (US-ASCII actually) to copy filtered resources, i.e. build is platform dependent!
2014-01-22 14:43:55,233 [Worker-51] INFO  o.e.m.c.i.embedder.EclipseLogger - skip non existing resourceDirectory /Users/alexfrank/workspace/Playground/akka.sample/akka.sample/src/test/resources
2014-01-22 14:44:12,611 [Worker-63] WARN  o.e.m.c.i.embedder.EclipseLogger - Using platform encoding (US-ASCII actually) to copy filtered resources, i.e. build is platform dependent!
2014-01-22 14:44:12,612 [Worker-63] INFO  o.e.m.c.i.embedder.EclipseLogger - Copying 1 resource
2014-01-22 14:44:12,613 [Worker-63] WARN  o.e.m.c.i.embedder.EclipseLogger - Using platform encoding (US-ASCII actually) to copy filtered resources, i.e. build is platform dependent!
2014-01-22 14:44:12,613 [Worker-63] INFO  o.e.m.c.i.embedder.EclipseLogger - skip non existing resourceDirectory /Users/alexfrank/workspace/Playground/akka.sample/akka.sample/src/test/resources
2014-01-22 14:45:14,972 [Worker-66] WARN  o.e.m.c.i.embedder.EclipseLogger - Using platform encoding (US-ASCII actually) to copy filtered resources, i.e. build is platform dependent!
2014-01-22 14:45:14,973 [Worker-66] INFO  o.e.m.c.i.embedder.EclipseLogger - Copying 1 resource
2014-01-22 14:45:14,975 [Worker-66] WARN  o.e.m.c.i.embedder.EclipseLogger - Using platform encoding (US-ASCII actually) to copy filtered resources, i.e. build is platform dependent!
2014-01-22 14:45:14,975 [Worker-66] INFO  o.e.m.c.i.embedder.EclipseLogger - skip non existing resourceDirectory /Users/alexfrank/workspace/Playground/akka.sample/akka.sample/src/test/resources
2014-01-22 14:45:25,394 [Worker-51] WARN  o.e.m.c.i.embedder.EclipseLogger - Using platform encoding (US-ASCII actually) to copy filtered resources, i.e. build is platform dependent!
2014-01-22 14:45:25,395 [Worker-51] INFO  o.e.m.c.i.embedder.EclipseLogger - Copying 1 resource
2014-01-22 14:45:25,396 [Worker-51] WARN  o.e.m.c.i.embedder.EclipseLogger - Using platform encoding (US-ASCII actually) to copy filtered resources, i.e. build is platform dependent!
2014-01-22 14:45:25,397 [Worker-51] INFO  o.e.m.c.i.embedder.EclipseLogger - skip non existing resourceDirectory /Users/alexfrank/workspace/Playground/akka.sample/akka.sample/src/test/resources
2014-01-22 14:45:28,071 [Worker-67] WARN  o.e.m.c.i.embedder.EclipseLogger - Using platform encoding (US-ASCII actually) to copy filtered resources, i.e. build is platform dependent!
2014-01-22 14:45:28,072 [Worker-67] INFO  o.e.m.c.i.embedder.EclipseLogger - Copying 1 resource
2014-01-22 14:45:28,073 [Worker-67] WARN  o.e.m.c.i.embedder.EclipseLogger - Using platform encoding (US-ASCII actually) to copy filtered resources, i.e. build is platform dependent!
2014-01-22 14:45:28,073 [Worker-67] INFO  o.e.m.c.i.embedder.EclipseLogger - skip non existing resourceDirectory /Users/alexfrank/workspace/Playground/akka.sample/akka.sample/src/test/resources
2014-01-22 14:47:22,112 [Worker-18] WARN  o.e.m.c.i.embedder.EclipseLogger - Using platform encoding (US-ASCII actually) to copy filtered resources, i.e. build is platform dependent!
2014-01-22 14:47:22,120 [Worker-18] INFO  o.e.m.c.i.embedder.EclipseLogger - Copying 1 resource
2014-01-22 14:47:22,127 [Worker-18] WARN  o.e.m.c.i.embedder.EclipseLogger - Using platform encoding (US-ASCII actually) to copy filtered resources, i.e. build is platform dependent!
2014-01-22 14:47:22,127 [Worker-18] INFO  o.e.m.c.i.embedder.EclipseLogger - skip non existing resourceDirectory /Users/alexfrank/workspace/Playground/akka.sample/akka.sample/src/test/resources
2014-01-22 14:47:47,745 [Worker-17] WARN  o.e.m.c.i.embedder.EclipseLogger - Using platform encoding (US-ASCII actually) to copy filtered resources, i.e. build is platform dependent!
2014-01-22 14:47:47,749 [Worker-17] INFO  o.e.m.c.i.embedder.EclipseLogger - Copying 1 resource
2014-01-22 14:47:47,750 [Worker-17] WARN  o.e.m.c.i.embedder.EclipseLogger - Using platform encoding (US-ASCII actually) to copy filtered resources, i.e. build is platform dependent!
2014-01-22 14:47:47,751 [Worker-17] INFO  o.e.m.c.i.embedder.EclipseLogger - skip non existing resourceDirectory /Users/alexfrank/workspace/Playground/akka.sample/akka.sample/src/test/resources
2014-01-22 14:47:58,074 [Worker-26] WARN  o.e.m.c.i.embedder.EclipseLogger - Using platform encoding (US-ASCII actually) to copy filtered resources, i.e. build is platform dependent!
2014-01-22 14:47:58,076 [Worker-26] INFO  o.e.m.c.i.embedder.EclipseLogger - Copying 1 resource
2014-01-22 14:47:58,078 [Worker-26] WARN  o.e.m.c.i.embedder.EclipseLogger - Using platform encoding (US-ASCII actually) to copy filtered resources, i.e. build is platform dependent!
2014-01-22 14:47:58,078 [Worker-26] INFO  o.e.m.c.i.embedder.EclipseLogger - skip non existing resourceDirectory /Users/alexfrank/workspace/Playground/akka.sample/akka.sample/src/test/resources
2014-01-22 14:48:17,746 [Worker-11] WARN  o.e.m.c.i.embedder.EclipseLogger - Using platform encoding (US-ASCII actually) to copy filtered resources, i.e. build is platform dependent!
2014-01-22 14:48:17,747 [Worker-11] INFO  o.e.m.c.i.embedder.EclipseLogger - Copying 1 resource
2014-01-22 14:48:17,749 [Worker-11] WARN  o.e.m.c.i.embedder.EclipseLogger - Using platform encoding (US-ASCII actually) to copy filtered resources, i.e. build is platform dependent!
2014-01-22 14:48:17,749 [Worker-11] INFO  o.e.m.c.i.embedder.EclipseLogger - skip non existing resourceDirectory /Users/alexfrank/workspace/Playground/akka.sample/akka.sample/src/test/resources
2014-01-22 14:48:30,852 [Worker-0] WARN  o.e.m.c.i.embedder.EclipseLogger - Using platform encoding (US-ASCII actually) to copy filtered resources, i.e. build is platform dependent!
2014-01-22 14:48:30,853 [Worker-0] INFO  o.e.m.c.i.embedder.EclipseLogger - Copying 1 resource
2014-01-22 14:48:30,855 [Worker-0] WARN  o.e.m.c.i.embedder.EclipseLogger - Using platform encoding (US-ASCII actually) to copy filtered resources, i.e. build is platform dependent!
2014-01-22 14:48:30,855 [Worker-0] INFO  o.e.m.c.i.embedder.EclipseLogger - skip non existing resourceDirectory /Users/alexfrank/workspace/Playground/akka.sample/akka.sample/src/test/resources
2014-01-22 14:51:52,981 [Worker-35] WARN  o.e.m.c.i.embedder.EclipseLogger - Using platform encoding (US-ASCII actually) to copy filtered resources, i.e. build is platform dependent!
2014-01-22 14:51:52,982 [Worker-35] INFO  o.e.m.c.i.embedder.EclipseLogger - Copying 1 resource
2014-01-22 14:51:52,983 [Worker-35] WARN  o.e.m.c.i.embedder.EclipseLogger - Using platform encoding (US-ASCII actually) to copy filtered resources, i.e. build is platform dependent!
2014-01-22 14:51:52,983 [Worker-35] INFO  o.e.m.c.i.embedder.EclipseLogger - skip non existing resourceDirectory /Users/alexfrank/workspace/Playground/akka.sample/akka.sample/src/test/resources
2014-01-22 14:52:02,246 [Worker-3] WARN  o.e.m.c.i.embedder.EclipseLogger - Using platform encoding (US-ASCII actually) to copy filtered resources, i.e. build is platform dependent!
2014-01-22 14:52:02,247 [Worker-3] INFO  o.e.m.c.i.embedder.EclipseLogger - Copying 1 resource
2014-01-22 14:52:02,248 [Worker-3] WARN  o.e.m.c.i.embedder.EclipseLogger - Using platform encoding (US-ASCII actually) to copy filtered resources, i.e. build is platform dependent!
2014-01-22 14:52:02,248 [Worker-3] INFO  o.e.m.c.i.embedder.EclipseLogger - skip non existing resourceDirectory /Users/alexfrank/workspace/Playground/akka.sample/akka.sample/src/test/resources
2014-01-22 14:52:09,104 [Worker-20] WARN  o.e.m.c.i.embedder.EclipseLogger - Using platform encoding (US-ASCII actually) to copy filtered resources, i.e. build is platform dependent!
2014-01-22 14:52:09,105 [Worker-20] INFO  o.e.m.c.i.embedder.EclipseLogger - Copying 1 resource
2014-01-22 14:52:09,107 [Worker-20] WARN  o.e.m.c.i.embedder.EclipseLogger - Using platform encoding (US-ASCII actually) to copy filtered resources, i.e. build is platform dependent!
2014-01-22 14:52:09,108 [Worker-20] INFO  o.e.m.c.i.embedder.EclipseLogger - skip non existing resourceDirectory /Users/alexfrank/workspace/Playground/akka.sample/akka.sample/src/test/resources
2014-01-22 14:52:33,069 [Worker-33] WARN  o.e.m.c.i.embedder.EclipseLogger - Using platform encoding (US-ASCII actually) to copy filtered resources, i.e. build is platform dependent!
2014-01-22 14:52:33,070 [Worker-33] INFO  o.e.m.c.i.embedder.EclipseLogger - Copying 1 resource
2014-01-22 14:52:33,071 [Worker-33] WARN  o.e.m.c.i.embedder.EclipseLogger - Using platform encoding (US-ASCII actually) to copy filtered resources, i.e. build is platform dependent!
2014-01-22 14:52:33,072 [Worker-33] INFO  o.e.m.c.i.embedder.EclipseLogger - skip non existing resourceDirectory /Users/alexfrank/workspace/Playground/akka.sample/akka.sample/src/test/resources
2014-01-22 14:53:16,317 [Worker-34] WARN  o.e.m.c.i.embedder.EclipseLogger - Using platform encoding (US-ASCII actually) to copy filtered resources, i.e. build is platform dependent!
2014-01-22 14:53:16,318 [Worker-34] INFO  o.e.m.c.i.embedder.EclipseLogger - Copying 1 resource
2014-01-22 14:53:16,319 [Worker-34] WARN  o.e.m.c.i.embedder.EclipseLogger - Using platform encoding (US-ASCII actually) to copy filtered resources, i.e. build is platform dependent!
2014-01-22 14:53:16,319 [Worker-34] INFO  o.e.m.c.i.embedder.EclipseLogger - skip non existing resourceDirectory /Users/alexfrank/workspace/Playground/akka.sample/akka.sample/src/test/resources
2014-01-22 14:53:52,230 [Worker-35] WARN  o.e.m.c.i.embedder.EclipseLogger - Using platform encoding (US-ASCII actually) to copy filtered resources, i.e. build is platform dependent!
2014-01-22 14:53:52,231 [Worker-35] INFO  o.e.m.c.i.embedder.EclipseLogger - Copying 1 resource
2014-01-22 14:53:52,233 [Worker-35] WARN  o.e.m.c.i.embedder.EclipseLogger - Using platform encoding (US-ASCII actually) to copy filtered resources, i.e. build is platform dependent!
2014-01-22 14:53:52,233 [Worker-35] INFO  o.e.m.c.i.embedder.EclipseLogger - skip non existing resourceDirectory /Users/alexfrank/workspace/Playground/akka.sample/akka.sample/src/test/resources
2014-01-22 14:54:25,555 [Worker-33] WARN  o.e.m.c.i.embedder.EclipseLogger - Using platform encoding (US-ASCII actually) to copy filtered resources, i.e. build is platform dependent!
2014-01-22 14:54:25,556 [Worker-33] INFO  o.e.m.c.i.embedder.EclipseLogger - Copying 1 resource
2014-01-22 14:54:25,557 [Worker-33] WARN  o.e.m.c.i.embedder.EclipseLogger - Using platform encoding (US-ASCII actually) to copy filtered resources, i.e. build is platform dependent!
2014-01-22 14:54:25,557 [Worker-33] INFO  o.e.m.c.i.embedder.EclipseLogger - skip non existing resourceDirectory /Users/alexfrank/workspace/Playground/akka.sample/akka.sample/src/test/resources
2014-01-22 14:54:44,998 [Worker-16] WARN  o.e.m.c.i.embedder.EclipseLogger - Using platform encoding (US-ASCII actually) to copy filtered resources, i.e. build is platform dependent!
2014-01-22 14:54:44,999 [Worker-16] INFO  o.e.m.c.i.embedder.EclipseLogger - Copying 1 resource
2014-01-22 14:54:45,001 [Worker-16] WARN  o.e.m.c.i.embedder.EclipseLogger - Using platform encoding (US-ASCII actually) to copy filtered resources, i.e. build is platform dependent!
2014-01-22 14:54:45,001 [Worker-16] INFO  o.e.m.c.i.embedder.EclipseLogger - skip non existing resourceDirectory /Users/alexfrank/workspace/Playground/akka.sample/akka.sample/src/test/resources
2014-01-22 14:54:58,416 [Worker-34] WARN  o.e.m.c.i.embedder.EclipseLogger - Using platform encoding (US-ASCII actually) to copy filtered resources, i.e. build is platform dependent!
2014-01-22 14:54:58,417 [Worker-34] INFO  o.e.m.c.i.embedder.EclipseLogger - Copying 1 resource
2014-01-22 14:54:58,418 [Worker-34] WARN  o.e.m.c.i.embedder.EclipseLogger - Using platform encoding (US-ASCII actually) to copy filtered resources, i.e. build is platform dependent!
2014-01-22 14:54:58,418 [Worker-34] INFO  o.e.m.c.i.embedder.EclipseLogger - skip non existing resourceDirectory /Users/alexfrank/workspace/Playground/akka.sample/akka.sample/src/test/resources
2014-01-22 14:55:13,988 [Worker-39] WARN  o.e.m.c.i.embedder.EclipseLogger - Using platform encoding (US-ASCII actually) to copy filtered resources, i.e. build is platform dependent!
2014-01-22 14:55:13,989 [Worker-39] INFO  o.e.m.c.i.embedder.EclipseLogger - Copying 1 resource
2014-01-22 14:55:13,990 [Worker-39] WARN  o.e.m.c.i.embedder.EclipseLogger - Using platform encoding (US-ASCII actually) to copy filtered resources, i.e. build is platform dependent!
2014-01-22 14:55:13,991 [Worker-39] INFO  o.e.m.c.i.embedder.EclipseLogger - skip non existing resourceDirectory /Users/alexfrank/workspace/Playground/akka.sample/akka.sample/src/test/resources
2014-01-22 14:56:00,680 [Worker-16] WARN  o.e.m.c.i.embedder.EclipseLogger - Using platform encoding (US-ASCII actually) to copy filtered resources, i.e. build is platform dependent!
2014-01-22 14:56:00,681 [Worker-16] INFO  o.e.m.c.i.embedder.EclipseLogger - Copying 1 resource
2014-01-22 14:56:00,683 [Worker-16] WARN  o.e.m.c.i.embedder.EclipseLogger - Using platform encoding (US-ASCII actually) to copy filtered resources, i.e. build is platform dependent!
2014-01-22 14:56:00,684 [Worker-16] INFO  o.e.m.c.i.embedder.EclipseLogger - skip non existing resourceDirectory /Users/alexfrank/workspace/Playground/akka.sample/akka.sample/src/test/resources
2014-01-22 14:56:02,862 [Worker-39] WARN  o.e.m.c.i.embedder.EclipseLogger - Using platform encoding (US-ASCII actually) to copy filtered resources, i.e. build is platform dependent!
2014-01-22 14:56:02,863 [Worker-39] INFO  o.e.m.c.i.embedder.EclipseLogger - Copying 1 resource
2014-01-22 14:56:02,864 [Worker-39] WARN  o.e.m.c.i.embedder.EclipseLogger - Using platform encoding (US-ASCII actually) to copy filtered resources, i.e. build is platform dependent!
2014-01-22 14:56:02,864 [Worker-39] INFO  o.e.m.c.i.embedder.EclipseLogger - skip non existing resourceDirectory /Users/alexfrank/workspace/Playground/akka.sample/akka.sample/src/test/resources
2014-01-22 14:56:42,005 [Worker-38] WARN  o.e.m.c.i.embedder.EclipseLogger - Using platform encoding (US-ASCII actually) to copy filtered resources, i.e. build is platform dependent!
2014-01-22 14:56:42,006 [Worker-38] INFO  o.e.m.c.i.embedder.EclipseLogger - Copying 1 resource
2014-01-22 14:56:42,007 [Worker-38] WARN  o.e.m.c.i.embedder.EclipseLogger - Using platform encoding (US-ASCII actually) to copy filtered resources, i.e. build is platform dependent!
2014-01-22 14:56:42,007 [Worker-38] INFO  o.e.m.c.i.embedder.EclipseLogger - skip non existing resourceDirectory /Users/alexfrank/workspace/Playground/akka.sample/akka.sample/src/test/resources
2014-01-22 14:57:14,879 [Worker-3] WARN  o.e.m.c.i.embedder.EclipseLogger - Using platform encoding (US-ASCII actually) to copy filtered resources, i.e. build is platform dependent!
2014-01-22 14:57:14,880 [Worker-3] INFO  o.e.m.c.i.embedder.EclipseLogger - Copying 1 resource
2014-01-22 14:57:14,881 [Worker-3] WARN  o.e.m.c.i.embedder.EclipseLogger - Using platform encoding (US-ASCII actually) to copy filtered resources, i.e. build is platform dependent!
2014-01-22 14:57:14,881 [Worker-3] INFO  o.e.m.c.i.embedder.EclipseLogger - skip non existing resourceDirectory /Users/alexfrank/workspace/Playground/akka.sample/akka.sample/src/test/resources
2014-01-22 14:57:23,287 [Worker-41] WARN  o.e.m.c.i.embedder.EclipseLogger - Using platform encoding (US-ASCII actually) to copy filtered resources, i.e. build is platform dependent!
2014-01-22 14:57:23,287 [Worker-41] INFO  o.e.m.c.i.embedder.EclipseLogger - Copying 1 resource
2014-01-22 14:57:23,289 [Worker-41] WARN  o.e.m.c.i.embedder.EclipseLogger - Using platform encoding (US-ASCII actually) to copy filtered resources, i.e. build is platform dependent!
2014-01-22 14:57:23,289 [Worker-41] INFO  o.e.m.c.i.embedder.EclipseLogger - skip non existing resourceDirectory /Users/alexfrank/workspace/Playground/akka.sample/akka.sample/src/test/resources
2014-01-22 14:57:41,555 [Worker-3] WARN  o.e.m.c.i.embedder.EclipseLogger - Using platform encoding (US-ASCII actually) to copy filtered resources, i.e. build is platform dependent!
2014-01-22 14:57:41,556 [Worker-3] INFO  o.e.m.c.i.embedder.EclipseLogger - Copying 1 resource
2014-01-22 14:57:41,558 [Worker-3] WARN  o.e.m.c.i.embedder.EclipseLogger - Using platform encoding (US-ASCII actually) to copy filtered resources, i.e. build is platform dependent!
2014-01-22 14:57:41,558 [Worker-3] INFO  o.e.m.c.i.embedder.EclipseLogger - skip non existing resourceDirectory /Users/alexfrank/workspace/Playground/akka.sample/akka.sample/src/test/resources
2014-01-22 14:57:47,498 [Worker-3] WARN  o.e.m.c.i.embedder.EclipseLogger - Using platform encoding (US-ASCII actually) to copy filtered resources, i.e. build is platform dependent!
2014-01-22 14:57:47,499 [Worker-3] INFO  o.e.m.c.i.embedder.EclipseLogger - Copying 1 resource
2014-01-22 14:57:47,502 [Worker-3] WARN  o.e.m.c.i.embedder.EclipseLogger - Using platform encoding (US-ASCII actually) to copy filtered resources, i.e. build is platform dependent!
2014-01-22 14:57:47,502 [Worker-3] INFO  o.e.m.c.i.embedder.EclipseLogger - skip non existing resourceDirectory /Users/alexfrank/workspace/Playground/akka.sample/akka.sample/src/test/resources
2014-01-22 14:57:59,258 [Worker-39] WARN  o.e.m.c.i.embedder.EclipseLogger - Using platform encoding (US-ASCII actually) to copy filtered resources, i.e. build is platform dependent!
2014-01-22 14:57:59,259 [Worker-39] INFO  o.e.m.c.i.embedder.EclipseLogger - Copying 1 resource
2014-01-22 14:57:59,260 [Worker-39] WARN  o.e.m.c.i.embedder.EclipseLogger - Using platform encoding (US-ASCII actually) to copy filtered resources, i.e. build is platform dependent!
2014-01-22 14:57:59,260 [Worker-39] INFO  o.e.m.c.i.embedder.EclipseLogger - skip non existing resourceDirectory /Users/alexfrank/workspace/Playground/akka.sample/akka.sample/src/test/resources
2014-01-22 15:01:17,207 [Worker-44] WARN  o.e.m.c.i.embedder.EclipseLogger - Using platform encoding (US-ASCII actually) to copy filtered resources, i.e. build is platform dependent!
2014-01-22 15:01:17,208 [Worker-44] INFO  o.e.m.c.i.embedder.EclipseLogger - Copying 1 resource
2014-01-22 15:01:17,209 [Worker-44] WARN  o.e.m.c.i.embedder.EclipseLogger - Using platform encoding (US-ASCII actually) to copy filtered resources, i.e. build is platform dependent!
2014-01-22 15:01:17,210 [Worker-44] INFO  o.e.m.c.i.embedder.EclipseLogger - skip non existing resourceDirectory /Users/alexfrank/workspace/Playground/akka.sample/akka.sample/src/test/resources
2014-01-22 15:01:42,109 [Worker-44] WARN  o.e.m.c.i.embedder.EclipseLogger - Using platform encoding (US-ASCII actually) to copy filtered resources, i.e. build is platform dependent!
2014-01-22 15:01:42,109 [Worker-44] INFO  o.e.m.c.i.embedder.EclipseLogger - Copying 1 resource
2014-01-22 15:01:42,111 [Worker-44] WARN  o.e.m.c.i.embedder.EclipseLogger - Using platform encoding (US-ASCII actually) to copy filtered resources, i.e. build is platform dependent!
2014-01-22 15:01:42,111 [Worker-44] INFO  o.e.m.c.i.embedder.EclipseLogger - skip non existing resourceDirectory /Users/alexfrank/workspace/Playground/akka.sample/akka.sample/src/test/resources
2014-01-22 15:02:11,187 [Worker-41] WARN  o.e.m.c.i.embedder.EclipseLogger - Using platform encoding (US-ASCII actually) to copy filtered resources, i.e. build is platform dependent!
2014-01-22 15:02:11,188 [Worker-41] INFO  o.e.m.c.i.embedder.EclipseLogger - Copying 1 resource
2014-01-22 15:02:11,189 [Worker-41] WARN  o.e.m.c.i.embedder.EclipseLogger - Using platform encoding (US-ASCII actually) to copy filtered resources, i.e. build is platform dependent!
2014-01-22 15:02:11,190 [Worker-41] INFO  o.e.m.c.i.embedder.EclipseLogger - skip non existing resourceDirectory /Users/alexfrank/workspace/Playground/akka.sample/akka.sample/src/test/resources
2014-01-22 15:05:53,728 [Worker-33] WARN  o.e.m.c.i.embedder.EclipseLogger - Using platform encoding (US-ASCII actually) to copy filtered resources, i.e. build is platform dependent!
2014-01-22 15:05:53,729 [Worker-33] INFO  o.e.m.c.i.embedder.EclipseLogger - Copying 1 resource
2014-01-22 15:05:53,730 [Worker-33] WARN  o.e.m.c.i.embedder.EclipseLogger - Using platform encoding (US-ASCII actually) to copy filtered resources, i.e. build is platform dependent!
2014-01-22 15:05:53,731 [Worker-33] INFO  o.e.m.c.i.embedder.EclipseLogger - skip non existing resourceDirectory /Users/alexfrank/workspace/Playground/akka.sample/akka.sample/src/test/resources
2014-01-22 15:06:07,392 [Worker-51] WARN  o.e.m.c.i.embedder.EclipseLogger - Using platform encoding (US-ASCII actually) to copy filtered resources, i.e. build is platform dependent!
2014-01-22 15:06:07,393 [Worker-51] INFO  o.e.m.c.i.embedder.EclipseLogger - Copying 1 resource
2014-01-22 15:06:07,394 [Worker-51] WARN  o.e.m.c.i.embedder.EclipseLogger - Using platform encoding (US-ASCII actually) to copy filtered resources, i.e. build is platform dependent!
2014-01-22 15:06:07,395 [Worker-51] INFO  o.e.m.c.i.embedder.EclipseLogger - skip non existing resourceDirectory /Users/alexfrank/workspace/Playground/akka.sample/akka.sample/src/test/resources
2014-01-22 15:06:09,826 [Worker-48] WARN  o.e.m.c.i.embedder.EclipseLogger - Using platform encoding (US-ASCII actually) to copy filtered resources, i.e. build is platform dependent!
2014-01-22 15:06:09,827 [Worker-48] INFO  o.e.m.c.i.embedder.EclipseLogger - Copying 1 resource
2014-01-22 15:06:09,828 [Worker-48] WARN  o.e.m.c.i.embedder.EclipseLogger - Using platform encoding (US-ASCII actually) to copy filtered resources, i.e. build is platform dependent!
2014-01-22 15:06:09,828 [Worker-48] INFO  o.e.m.c.i.embedder.EclipseLogger - skip non existing resourceDirectory /Users/alexfrank/workspace/Playground/akka.sample/akka.sample/src/test/resources
2014-01-22 15:07:01,978 [Worker-48] WARN  o.e.m.c.i.embedder.EclipseLogger - Using platform encoding (US-ASCII actually) to copy filtered resources, i.e. build is platform dependent!
2014-01-22 15:07:01,979 [Worker-48] INFO  o.e.m.c.i.embedder.EclipseLogger - Copying 1 resource
2014-01-22 15:07:01,980 [Worker-48] WARN  o.e.m.c.i.embedder.EclipseLogger - Using platform encoding (US-ASCII actually) to copy filtered resources, i.e. build is platform dependent!
2014-01-22 15:07:01,980 [Worker-48] INFO  o.e.m.c.i.embedder.EclipseLogger - skip non existing resourceDirectory /Users/alexfrank/workspace/Playground/akka.sample/akka.sample/src/test/resources
2014-01-22 15:07:33,018 [Worker-55] WARN  o.e.m.c.i.embedder.EclipseLogger - Using platform encoding (US-ASCII actually) to copy filtered resources, i.e. build is platform dependent!
2014-01-22 15:07:33,019 [Worker-55] INFO  o.e.m.c.i.embedder.EclipseLogger - Copying 1 resource
2014-01-22 15:07:33,020 [Worker-55] WARN  o.e.m.c.i.embedder.EclipseLogger - Using platform encoding (US-ASCII actually) to copy filtered resources, i.e. build is platform dependent!
2014-01-22 15:07:33,021 [Worker-55] INFO  o.e.m.c.i.embedder.EclipseLogger - skip non existing resourceDirectory /Users/alexfrank/workspace/Playground/akka.sample/akka.sample/src/test/resources
2014-01-22 15:07:50,643 [Worker-20] WARN  o.e.m.c.i.embedder.EclipseLogger - Using platform encoding (US-ASCII actually) to copy filtered resources, i.e. build is platform dependent!
2014-01-22 15:07:50,644 [Worker-20] INFO  o.e.m.c.i.embedder.EclipseLogger - Copying 1 resource
2014-01-22 15:07:50,646 [Worker-20] WARN  o.e.m.c.i.embedder.EclipseLogger - Using platform encoding (US-ASCII actually) to copy filtered resources, i.e. build is platform dependent!
2014-01-22 15:07:50,646 [Worker-20] INFO  o.e.m.c.i.embedder.EclipseLogger - skip non existing resourceDirectory /Users/alexfrank/workspace/Playground/akka.sample/akka.sample/src/test/resources
2014-02-05 11:54:04,003 [Worker-19] WARN  o.e.m.c.i.embedder.EclipseLogger - Using platform encoding (US-ASCII actually) to copy filtered resources, i.e. build is platform dependent!
2014-02-05 11:54:04,012 [Worker-19] INFO  o.e.m.c.i.embedder.EclipseLogger - Copying 1 resource
2014-02-05 11:54:04,019 [Worker-19] WARN  o.e.m.c.i.embedder.EclipseLogger - Using platform encoding (US-ASCII actually) to copy filtered resources, i.e. build is platform dependent!
2014-02-05 11:54:04,020 [Worker-19] INFO  o.e.m.c.i.embedder.EclipseLogger - skip non existing resourceDirectory /Users/alexfrank/workspace/Playground/akka.sample/akka.sample/src/test/resources
